<?xml version="1.0" encoding="UTF-8"?>
<!-- Generated by org.testng.reporters.JUnitReportReporter -->
<testsuite hostname="DESKTOP-OANSG05" failures="0" tests="3" name="BootCamp.AutomationProjects.BrowsersTest" time="19.869" errors="0" timestamp="2022-02-01T00:14:35 EST" skipped="0">
  <testcase classname="BootCamp.AutomationProjects.BrowsersTest" name="setUpBrowser" time="4.757"/>
  <system-out/>
  <testcase classname="BootCamp.AutomationProjects.BrowsersTest" name="setUpBrowser" time="6.321"/>
  <system-out/>
  <testcase classname="BootCamp.AutomationProjects.BrowsersTest" name="setUpBrowser" time="8.791"/>
  <system-out/>
</testsuite> <!-- BootCamp.AutomationProjects.BrowsersTest -->
