<?xml version="1.0" encoding="UTF-8"?>
<!-- Generated by org.testng.reporters.JUnitReportReporter -->
<testsuite hostname="DESKTOP-OANSG05" failures="0" tests="3" name="BootCamp.AutomationProjects.Amazon" time="51.957" errors="0" timestamp="2022-02-09T21:08:17 EST" skipped="0">
  <testcase classname="BootCamp.AutomationProjects.Amazon" name="TestOnAmazon" time="15.000"/>
  <system-out/>
  <testcase classname="BootCamp.AutomationProjects.Amazon" name="TestOnAmazon" time="16.886"/>
  <system-out/>
  <testcase classname="BootCamp.AutomationProjects.Amazon" name="TestOnAmazon" time="20.071"/>
  <system-out/>
</testsuite> <!-- BootCamp.AutomationProjects.Amazon -->
