<?xml version="1.0" encoding="UTF-8"?>
<!-- Generated by org.testng.reporters.JUnitReportReporter -->
<testsuite hostname="DESKTOP-OANSG05" failures="0" tests="1" name="BootCamp.AutomationProjects.ExpediaTest" time="1.381" errors="0" timestamp="2022-02-12T16:41:27 EST" skipped="0">
  <testcase classname="BootCamp.AutomationProjects.ExpediaTest" name="f" time="1.381"/>
  <system-out/>
</testsuite> <!-- BootCamp.AutomationProjects.ExpediaTest -->
